<?xml version="1.0" encoding="UTF-8"?>
<?xml-stylesheet type="text/css" href="css.css"?>
<schedule>
 <room>
  <roomnumber>101</roomnumber>
  </dayname>Segunda</dayname>
  </dayname>Terça</dayname>
  </dayname>Quarta</dayname>
  </dayname>Quinta</dayname>
  </dayname>Sexta</dayname>
   <shift>
    <shiftname>M</shiftname>
    <period>
     <periodnumber>1<periodnumber>
      <day>
     </day>
      <day>
     </day>
      <day>
     </day>
      <day>
     </day>
      <day>
     </day>
      </period>
    <period>
     <periodnumber>2<periodnumber>
      <day>
     </day>
      <day>
     </day>
      <day>
     </day>
      <day>
     </day>
      <day>
     </day>
      </period>
   </shift>
   <shift>
    <shiftname>T</shiftname>
    <period>
     <periodnumber>1<periodnumber>
      <day>
       <subject>II</subject>
       <professor>Raquel</professor>
     </day>
      <day>
       <subject>Alg</subject>
       <professor>Priscila</professor>
     </day>
      <day>
       <subject>Alg</subject>
       <professor>Priscila</professor>
     </day>
      <day>
       <subject>CD</subject>
       <professor>Padilha</professor>
       <professor>Jacson</professor>
     </day>
      <day>
       <subject>II</subject>
       <professor>Raquel</professor>
     </day>
      </period>
    <period>
     <periodnumber>2<periodnumber>
      <day>
       <subject>Alg</subject>
       <professor>Guilherme</professor>
       <professor>Priscila</professor>
     </day>
      <day>
       <subject>CD</subject>
       <professor>Padilha</professor>
       <professor>Jacson</professor>
     </day>
      <day>
       <subject>CD</subject>
       <professor>Jacson</professor>
     </day>
      <day>
       <subject>CD</subject>
       <professor>Jacson</professor>
     </day>
      <day>
       <subject>Alg</subject>
       <professor>Guilherme</professor>
       <professor>Priscila</professor>
     </day>
      </period>
   </shift>
   <shift>
    <shiftname>N</shiftname>
    <period>
     <periodnumber>1<periodnumber>
      <day>
     </day>
      <day>
       <subject>ED1</subject>
       <professor>Lais</professor>
       <professor>Jacson</professor>
     </day>
      <day>
       <subject>SD</subject>
       <professor>Emilio</professor>
     </day>
      <day>
     </day>
      <day>
     </day>
      </period>
    <period>
     <periodnumber>2<periodnumber>
      <day>
     </day>
      <day>
       <subject>ED1</subject>
       <professor>Lais</professor>
       <professor>Jacson</professor>
     </day>
      <day>
       <subject>SD</subject>
       <professor>Emilio</professor>
     </day>
      <day>
     </day>
      <day>
     </day>
      </period>
   </shift>
 </room>
 <room>
  <roomnumber>102</roomnumber>
  </dayname>Segunda</dayname>
  </dayname>Terça</dayname>
  </dayname>Quarta</dayname>
  </dayname>Quinta</dayname>
  </dayname>Sexta</dayname>
   <shift>
    <shiftname>M</shiftname>
    <period>
     <periodnumber>1<periodnumber>
      <day>
       <subject>ED2</subject>
       <professor>Lais</professor>
     </day>
      <day>
     </day>
      <day>
     </day>
      <day>
       <subject>OC</subject>
       <professor>Jacson</professor>
     </day>
      <day>
       <subject>ED2</subject>
       <professor>Lais</professor>
     </day>
      </period>
    <period>
     <periodnumber>2<periodnumber>
      <day>
       <subject>Prg1</subject>
       <professor>Lais</professor>
       <professor>Priscila</professor>
     </day>
      <day>
     </day>
      <day>
       <subject>OC</subject>
       <professor>Jacson</professor>
     </day>
      <day>
       <subject>Prg1</subject>
       <professor>Lais</professor>
       <professor>Priscila</professor>
     </day>
      <day>
     </day>
      </period>
   </shift>
   <shift>
    <shiftname>T</shiftname>
    <period>
     <periodnumber>1<periodnumber>
      <day>
     </day>
      <day>
     </day>
      <day>
     </day>
      <day>
     </day>
      <day>
     </day>
      </period>
    <period>
     <periodnumber>2<periodnumber>
      <day>
     </day>
      <day>
     </day>
      <day>
     </day>
      <day>
     </day>
      <day>
     </day>
      </period>
   </shift>
   <shift>
    <shiftname>N</shiftname>
    <period>
     <periodnumber>1<periodnumber>
      <day>
     </day>
      <day>
     </day>
      <day>
       <subject>Prog2</subject>
       <professor>Lais</professor>
       <professor>Priscila</professor>
     </day>
      <day>
       <subject>OC</subject>
       <professor>Padilha</professor>
     </day>
      <day>
       <subject>BD1</subject>
       <professor>Denio</professor>
     </day>
      </period>
    <period>
     <periodnumber>2<periodnumber>
      <day>
     </day>
      <day>
     </day>
      <day>
       <subject>Prog2</subject>
       <professor>Lais</professor>
       <professor>Priscila</professor>
     </day>
      <day>
       <subject>OC</subject>
       <professor>Padilha</professor>
     </day>
      <day>
       <subject>BD1</subject>
       <professor>Denio</professor>
     </day>
      </period>
   </shift>
 </room>
 <room>
  <roomnumber>103</roomnumber>
  </dayname>Segunda</dayname>
  </dayname>Terça</dayname>
  </dayname>Quarta</dayname>
  </dayname>Quinta</dayname>
  </dayname>Sexta</dayname>
   <shift>
    <shiftname>M</shiftname>
    <period>
     <periodnumber>1<periodnumber>
      <day>
     </day>
      <day>
       <subject>SO</subject>
       <professor>Marco</professor>
     </day>
      <day>
       <subject>ES1</subject>
       <professor>Raquel</professor>
     </day>
      <day>
       <subject>BD2</subject>
       <professor>Denio</professor>
     </day>
      <day>
       <subject>IPC</subject>
       <professor>Graziela</professor>
     </day>
      </period>
    <period>
     <periodnumber>2<periodnumber>
      <day>
     </day>
      <day>
       <subject>LFA</subject>
       <professor>Braulio</professor>
     </day>
      <day>
       <subject>BD2</subject>
       <professor>Denio</professor>
     </day>
      <day>
     </day>
      <day>
       <subject>ES1</subject>
       <professor>Raquel</professor>
     </day>
      </period>
   </shift>
   <shift>
    <shiftname>T</shiftname>
    <period>
     <periodnumber>1<periodnumber>
      <day>
       <subject>SO</subject>
       <professor>Marco</professor>
     </day>
      <day>
     </day>
      <day>
     </day>
      <day>
       <subject>LFA</subject>
       <professor>Braulio</professor>
     </day>
      <day>
     </day>
      </period>
    <period>
     <periodnumber>2<periodnumber>
      <day>
       <subject>IPC</subject>
       <professor>Graziela</professor>
     </day>
      <day>
     </day>
      <day>
     </day>
      <day>
     </day>
      <day>
     </day>
      </period>
   </shift>
   <shift>
    <shiftname>N</shiftname>
    <period>
     <periodnumber>1<periodnumber>
      <day>
     </day>
      <day>
     </day>
      <day>
       <subject>ES2</subject>
       <professor>Graziela</professor>
     </day>
      <day>
     </day>
      <day>
       <subject>LFA</subject>
       <professor>Braulio</professor>
     </day>
      </period>
    <period>
     <periodnumber>2<periodnumber>
      <day>
     </day>
      <day>
     </day>
      <day>
       <subject>ES2</subject>
       <professor>Graziela</professor>
     </day>
      <day>
     </day>
      <day>
       <subject>LFA</subject>
       <professor>Braulio</professor>
     </day>
      </period>
   </shift>
 </room>
 <room>
  <roomnumber>104</roomnumber>
  </dayname>Segunda</dayname>
  </dayname>Terça</dayname>
  </dayname>Quarta</dayname>
  </dayname>Quinta</dayname>
  </dayname>Sexta</dayname>
   <shift>
    <shiftname>M</shiftname>
    <period>
     <periodnumber>1<periodnumber>
      <day>
       <subject>Opt1</subject>
       <professor>Guilherme</professor>
     </day>
      <day>
       <subject>Opt2</subject>
       <professor>Padilha</professor>
       <professor>Andressa</professor>
     </day>
      <day>
       <subject>IA</subject>
       <professor>Bins</professor>
     </day>
      <day>
     </day>
      <day>
       <subject>Dist</subject>
       <professor>Emi